0 info it worked if it ends with ok
1 verbose cli [ '/usr/local/Cellar/node/6.7.0/bin/node',
1 verbose cli   '/usr/local/bin/npm',
1 verbose cli   'run',
1 verbose cli   'docker-up' ]
2 info using npm@3.10.7
3 info using node@v6.7.0
4 verbose run-script [ 'predocker-up', 'docker-up', 'postdocker-up' ]
5 info lifecycle familytreetop@1.0.0~predocker-up: familytreetop@1.0.0
6 silly lifecycle familytreetop@1.0.0~predocker-up: no script for predocker-up, continuing
7 info lifecycle familytreetop@1.0.0~docker-up: familytreetop@1.0.0
8 verbose lifecycle familytreetop@1.0.0~docker-up: unsafe-perm in lifecycle true
9 verbose lifecycle familytreetop@1.0.0~docker-up: PATH: /usr/local/lib/node_modules/npm/bin/node-gyp-bin:/Users/alexander/Projects/ftt/node_modules/.bin:/usr/local/Cellar/node/6.7.0/bin:/usr/local/bin:/usr/bin:/bin:/usr/sbin:/sbin
10 verbose lifecycle familytreetop@1.0.0~docker-up: CWD: /Users/alexander/Projects/ftt
11 silly lifecycle familytreetop@1.0.0~docker-up: Args: [ '-c', 'docker-compose -f docker/docker-compose.yml up' ]
12 silly lifecycle familytreetop@1.0.0~docker-up: Returned: code: 1  signal: null
13 info lifecycle familytreetop@1.0.0~docker-up: Failed to exec docker-up script
14 verbose stack Error: familytreetop@1.0.0 docker-up: `docker-compose -f docker/docker-compose.yml up`
14 verbose stack Exit status 1
14 verbose stack     at EventEmitter.<anonymous> (/usr/local/lib/node_modules/npm/lib/utils/lifecycle.js:255:16)
14 verbose stack     at emitTwo (events.js:106:13)
14 verbose stack     at EventEmitter.emit (events.js:191:7)
14 verbose stack     at ChildProcess.<anonymous> (/usr/local/lib/node_modules/npm/lib/utils/spawn.js:40:14)
14 verbose stack     at emitTwo (events.js:106:13)
14 verbose stack     at ChildProcess.emit (events.js:191:7)
14 verbose stack     at maybeClose (internal/child_process.js:877:16)
14 verbose stack     at Process.ChildProcess._handle.onexit (internal/child_process.js:226:5)
15 verbose pkgid familytreetop@1.0.0
16 verbose cwd /Users/alexander/Projects/ftt
17 error Darwin 16.1.0
18 error argv "/usr/local/Cellar/node/6.7.0/bin/node" "/usr/local/bin/npm" "run" "docker-up"
19 error node v6.7.0
20 error npm  v3.10.7
21 error code ELIFECYCLE
22 error familytreetop@1.0.0 docker-up: `docker-compose -f docker/docker-compose.yml up`
22 error Exit status 1
23 error Failed at the familytreetop@1.0.0 docker-up script 'docker-compose -f docker/docker-compose.yml up'.
23 error Make sure you have the latest version of node.js and npm installed.
23 error If you do, this is most likely a problem with the familytreetop package,
23 error not with npm itself.
23 error Tell the author that this fails on your system:
23 error     docker-compose -f docker/docker-compose.yml up
23 error You can get information on how to open an issue for this project with:
23 error     npm bugs familytreetop
23 error Or if that isn't available, you can get their info via:
23 error     npm owner ls familytreetop
23 error There is likely additional logging output above.
24 verbose exit [ 1, true ]
